<?xml version="1.0" encoding="UTF-8"?>
<!-- Generated by org.testng.reporters.JUnitReportReporter -->
<testsuite skipped="0" hostname="DESKTOP-TF80URS" name="orangee.AddEmployee" tests="1" failures="0" timestamp="08 Feb 2018 00:18:55 GMT" time="29.310" errors="0">
  <testcase name="login" time="29.310" classname="orangee.AddEmployee"/>
</testsuite> <!-- orangee.AddEmployee -->
